[0.054s] DEBUG:colcon:Command line arguments: ['/usr/bin/colcon', 'build']
[0.054s] DEBUG:colcon:Parsed command line arguments: Namespace(log_base=None, log_level=None, verb_name='build', build_base='build', install_base='install', merge_install=False, symlink_install=False, test_result_base=None, continue_on_error=False, executor='parallel', parallel_workers=32, event_handlers=None, ignore_user_meta=False, metas=['./colcon.meta'], base_paths=['.'], packages_ignore=None, packages_ignore_regex=None, paths=None, packages_up_to=None, packages_up_to_regex=None, packages_above=None, packages_above_and_dependencies=None, packages_above_depth=None, packages_select_by_dep=None, packages_skip_by_dep=None, packages_skip_up_to=None, packages_select_build_failed=False, packages_skip_build_finished=False, packages_select_test_failures=False, packages_skip_test_passed=False, packages_select=None, packages_skip=None, packages_select_regex=None, packages_skip_regex=None, packages_start=None, packages_end=None, allow_overriding=[], cmake_args=None, cmake_target=None, cmake_target_skip_unavailable=False, cmake_clean_cache=False, cmake_clean_first=False, cmake_force_configure=False, ament_cmake_args=None, catkin_cmake_args=None, catkin_skip_building_tests=False, mixin_files=None, mixin=None, verb_parser=<colcon_mixin.mixin.mixin_argument.MixinArgumentDecorator object at 0x7df16a7783d0>, verb_extension=<colcon_core.verb.build.BuildVerb object at 0x7df16a73f9a0>, main=<bound method BuildVerb.main of <colcon_core.verb.build.BuildVerb object at 0x7df16a73f9a0>>, mixin_verb=('build',))
[0.077s] Level 1:colcon.colcon_core.package_discovery:discover_packages(colcon_meta) check parameters
[0.077s] Level 1:colcon.colcon_core.package_discovery:discover_packages(recursive) check parameters
[0.077s] Level 1:colcon.colcon_core.package_discovery:discover_packages(ignore) check parameters
[0.077s] Level 1:colcon.colcon_core.package_discovery:discover_packages(path) check parameters
[0.077s] Level 1:colcon.colcon_core.package_discovery:discover_packages(colcon_meta) discover
[0.077s] Level 1:colcon.colcon_core.package_discovery:discover_packages(recursive) discover
[0.077s] INFO:colcon.colcon_core.package_discovery:Crawling recursively for packages in '/home/devtex/uiabot_ws/src/uiabot'
[0.077s] Level 1:colcon.colcon_core.package_identification:_identify(.) by extensions ['ignore', 'ignore_ament_install']
[0.077s] Level 1:colcon.colcon_core.package_identification:_identify(.) by extension 'ignore'
[0.077s] Level 1:colcon.colcon_core.package_identification:_identify(.) by extension 'ignore_ament_install'
[0.077s] Level 1:colcon.colcon_core.package_identification:_identify(.) by extensions ['colcon_pkg']
[0.077s] Level 1:colcon.colcon_core.package_identification:_identify(.) by extension 'colcon_pkg'
[0.077s] Level 1:colcon.colcon_core.package_identification:_identify(.) by extensions ['colcon_meta']
[0.077s] Level 1:colcon.colcon_core.package_identification:_identify(.) by extension 'colcon_meta'
[0.077s] Level 1:colcon.colcon_core.package_identification:_identify(.) by extensions ['ros']
[0.077s] Level 1:colcon.colcon_core.package_identification:_identify(.) by extension 'ros'
[0.080s] DEBUG:colcon.colcon_core.package_identification:Package '.' with type 'ros.ament_cmake' and name 'uiabot'
[0.080s] Level 1:colcon.colcon_core.package_discovery:discover_packages(recursive) using defaults
[0.080s] Level 1:colcon.colcon_core.package_discovery:discover_packages(ignore) discover
[0.080s] Level 1:colcon.colcon_core.package_discovery:discover_packages(ignore) using defaults
[0.080s] Level 1:colcon.colcon_core.package_discovery:discover_packages(path) discover
[0.080s] Level 1:colcon.colcon_core.package_discovery:discover_packages(path) using defaults
[0.089s] Level 1:colcon.colcon_core.package_discovery:discover_packages(prefix_path) check parameters
[0.089s] Level 1:colcon.colcon_core.package_discovery:discover_packages(prefix_path) discover
[0.090s] DEBUG:colcon.colcon_installed_package_information.package_discovery:Found 1 installed packages in /home/devtex/uiabot_ws/src/uiabot/install
[0.090s] DEBUG:colcon.colcon_installed_package_information.package_discovery:Found 32 installed packages in /home/devtex/interbotix_ws/install
[0.090s] DEBUG:colcon.colcon_installed_package_information.package_discovery:Found 1 installed packages in /home/devtex/apriltag_ws/install
[0.091s] DEBUG:colcon.colcon_installed_package_information.package_discovery:Found 0 installed packages in /home/devtex/Desktop/MAS513/ros2_ws/install
[0.091s] DEBUG:colcon.colcon_installed_package_information.package_discovery:Found 444 installed packages in /opt/ros/humble
[0.092s] Level 1:colcon.colcon_core.package_discovery:discover_packages(prefix_path) using defaults
[0.114s] Level 5:colcon.colcon_core.verb:set package 'uiabot' build argument 'cmake_args' from command line to 'None'
[0.114s] Level 5:colcon.colcon_core.verb:set package 'uiabot' build argument 'cmake_target' from command line to 'None'
[0.114s] Level 5:colcon.colcon_core.verb:set package 'uiabot' build argument 'cmake_target_skip_unavailable' from command line to 'False'
[0.114s] Level 5:colcon.colcon_core.verb:set package 'uiabot' build argument 'cmake_clean_cache' from command line to 'False'
[0.114s] Level 5:colcon.colcon_core.verb:set package 'uiabot' build argument 'cmake_clean_first' from command line to 'False'
[0.114s] Level 5:colcon.colcon_core.verb:set package 'uiabot' build argument 'cmake_force_configure' from command line to 'False'
[0.114s] Level 5:colcon.colcon_core.verb:set package 'uiabot' build argument 'ament_cmake_args' from command line to 'None'
[0.114s] Level 5:colcon.colcon_core.verb:set package 'uiabot' build argument 'catkin_cmake_args' from command line to 'None'
[0.114s] Level 5:colcon.colcon_core.verb:set package 'uiabot' build argument 'catkin_skip_building_tests' from command line to 'False'
[0.114s] DEBUG:colcon.colcon_core.verb:Building package 'uiabot' with the following arguments: {'ament_cmake_args': None, 'build_base': '/home/devtex/uiabot_ws/src/uiabot/build/uiabot', 'catkin_cmake_args': None, 'catkin_skip_building_tests': False, 'cmake_args': None, 'cmake_clean_cache': False, 'cmake_clean_first': False, 'cmake_force_configure': False, 'cmake_target': None, 'cmake_target_skip_unavailable': False, 'install_base': '/home/devtex/uiabot_ws/src/uiabot/install/uiabot', 'merge_install': False, 'path': '/home/devtex/uiabot_ws/src/uiabot', 'symlink_install': False, 'test_result_base': None}
[0.114s] INFO:colcon.colcon_core.executor:Executing jobs using 'parallel' executor
[0.114s] DEBUG:colcon.colcon_parallel_executor.executor.parallel:run_until_complete
[0.115s] INFO:colcon.colcon_ros.task.ament_cmake.build:Building ROS package in '/home/devtex/uiabot_ws/src/uiabot' with build type 'ament_cmake'
[0.115s] INFO:colcon.colcon_cmake.task.cmake.build:Building CMake package in '/home/devtex/uiabot_ws/src/uiabot'
[0.115s] INFO:colcon.colcon_core.plugin_system:Skipping extension 'colcon_core.shell.bat': Not used on non-Windows systems
[0.116s] INFO:colcon.colcon_core.shell:Skip shell extension 'powershell' for command environment: Not usable outside of PowerShell
[0.116s] DEBUG:colcon.colcon_core.shell:Skip shell extension 'dsv' for command environment
[0.121s] DEBUG:colcon.colcon_core.event_handler.log_command:Invoking command in '/home/devtex/uiabot_ws/src/uiabot/build/uiabot': CMAKE_PREFIX_PATH=${CMAKE_PREFIX_PATH}:/home/devtex/interbotix_ws/install/interbotix_xs_modules:/home/devtex/interbotix_ws/install/interbotix_perception_modules:/home/devtex/interbotix_ws/install/interbotix_common_modules:/opt/ros/humble /usr/bin/cmake --build /home/devtex/uiabot_ws/src/uiabot/build/uiabot -- -j32 -l32
[0.140s] DEBUG:colcon.colcon_core.event_handler.log_command:Invoked command in '/home/devtex/uiabot_ws/src/uiabot/build/uiabot' returned '0': CMAKE_PREFIX_PATH=${CMAKE_PREFIX_PATH}:/home/devtex/interbotix_ws/install/interbotix_xs_modules:/home/devtex/interbotix_ws/install/interbotix_perception_modules:/home/devtex/interbotix_ws/install/interbotix_common_modules:/opt/ros/humble /usr/bin/cmake --build /home/devtex/uiabot_ws/src/uiabot/build/uiabot -- -j32 -l32
[0.155s] DEBUG:colcon.colcon_core.event_handler.log_command:Invoking command in '/home/devtex/uiabot_ws/src/uiabot/build/uiabot': CMAKE_PREFIX_PATH=${CMAKE_PREFIX_PATH}:/home/devtex/interbotix_ws/install/interbotix_xs_modules:/home/devtex/interbotix_ws/install/interbotix_perception_modules:/home/devtex/interbotix_ws/install/interbotix_common_modules:/opt/ros/humble /usr/bin/cmake --install /home/devtex/uiabot_ws/src/uiabot/build/uiabot
[0.160s] Level 1:colcon.colcon_core.environment:create_environment_scripts_only(uiabot)
[0.160s] DEBUG:colcon.colcon_core.event_handler.log_command:Invoked command in '/home/devtex/uiabot_ws/src/uiabot/build/uiabot' returned '0': CMAKE_PREFIX_PATH=${CMAKE_PREFIX_PATH}:/home/devtex/interbotix_ws/install/interbotix_xs_modules:/home/devtex/interbotix_ws/install/interbotix_perception_modules:/home/devtex/interbotix_ws/install/interbotix_common_modules:/opt/ros/humble /usr/bin/cmake --install /home/devtex/uiabot_ws/src/uiabot/build/uiabot
[0.161s] Level 1:colcon.colcon_core.environment:checking '/home/devtex/uiabot_ws/src/uiabot/install/uiabot' for CMake module files
[0.161s] Level 1:colcon.colcon_core.environment:checking '/home/devtex/uiabot_ws/src/uiabot/install/uiabot' for CMake config files
[0.161s] Level 1:colcon.colcon_core.shell:create_environment_hook('uiabot', 'cmake_prefix_path')
[0.161s] INFO:colcon.colcon_core.shell:Creating environment hook '/home/devtex/uiabot_ws/src/uiabot/install/uiabot/share/uiabot/hook/cmake_prefix_path.ps1'
[0.167s] INFO:colcon.colcon_core.shell:Creating environment descriptor '/home/devtex/uiabot_ws/src/uiabot/install/uiabot/share/uiabot/hook/cmake_prefix_path.dsv'
[0.167s] INFO:colcon.colcon_core.shell:Creating environment hook '/home/devtex/uiabot_ws/src/uiabot/install/uiabot/share/uiabot/hook/cmake_prefix_path.sh'
[0.167s] Level 1:colcon.colcon_core.environment:checking '/home/devtex/uiabot_ws/src/uiabot/install/uiabot/bin'
[0.167s] Level 1:colcon.colcon_core.environment:checking '/home/devtex/uiabot_ws/src/uiabot/install/uiabot/lib/pkgconfig/uiabot.pc'
[0.167s] Level 1:colcon.colcon_core.environment:checking '/home/devtex/uiabot_ws/src/uiabot/install/uiabot/lib/python3.10/site-packages'
[0.167s] Level 1:colcon.colcon_core.environment:checking '/home/devtex/uiabot_ws/src/uiabot/install/uiabot/bin'
[0.167s] INFO:colcon.colcon_core.shell:Creating package script '/home/devtex/uiabot_ws/src/uiabot/install/uiabot/share/uiabot/package.ps1'
[0.168s] INFO:colcon.colcon_core.shell:Creating package descriptor '/home/devtex/uiabot_ws/src/uiabot/install/uiabot/share/uiabot/package.dsv'
[0.168s] INFO:colcon.colcon_core.shell:Creating package script '/home/devtex/uiabot_ws/src/uiabot/install/uiabot/share/uiabot/package.sh'
[0.168s] INFO:colcon.colcon_core.shell:Creating package script '/home/devtex/uiabot_ws/src/uiabot/install/uiabot/share/uiabot/package.bash'
[0.168s] INFO:colcon.colcon_core.shell:Creating package script '/home/devtex/uiabot_ws/src/uiabot/install/uiabot/share/uiabot/package.zsh'
[0.169s] Level 1:colcon.colcon_core.environment:create_file_with_runtime_dependencies(/home/devtex/uiabot_ws/src/uiabot/install/uiabot/share/colcon-core/packages/uiabot)
[0.179s] Level 1:colcon.colcon_core.environment:create_environment_scripts_only(uiabot)
[0.179s] Level 1:colcon.colcon_core.environment:checking '/home/devtex/uiabot_ws/src/uiabot/install/uiabot' for CMake module files
[0.179s] Level 1:colcon.colcon_core.environment:checking '/home/devtex/uiabot_ws/src/uiabot/install/uiabot' for CMake config files
[0.179s] Level 1:colcon.colcon_core.shell:create_environment_hook('uiabot', 'cmake_prefix_path')
[0.179s] INFO:colcon.colcon_core.shell:Creating environment hook '/home/devtex/uiabot_ws/src/uiabot/install/uiabot/share/uiabot/hook/cmake_prefix_path.ps1'
[0.179s] INFO:colcon.colcon_core.shell:Creating environment descriptor '/home/devtex/uiabot_ws/src/uiabot/install/uiabot/share/uiabot/hook/cmake_prefix_path.dsv'
[0.180s] INFO:colcon.colcon_core.shell:Creating environment hook '/home/devtex/uiabot_ws/src/uiabot/install/uiabot/share/uiabot/hook/cmake_prefix_path.sh'
[0.180s] Level 1:colcon.colcon_core.environment:checking '/home/devtex/uiabot_ws/src/uiabot/install/uiabot/bin'
[0.180s] Level 1:colcon.colcon_core.environment:checking '/home/devtex/uiabot_ws/src/uiabot/install/uiabot/lib/pkgconfig/uiabot.pc'
[0.180s] Level 1:colcon.colcon_core.environment:checking '/home/devtex/uiabot_ws/src/uiabot/install/uiabot/lib/python3.10/site-packages'
[0.180s] Level 1:colcon.colcon_core.environment:checking '/home/devtex/uiabot_ws/src/uiabot/install/uiabot/bin'
[0.180s] INFO:colcon.colcon_core.shell:Creating package script '/home/devtex/uiabot_ws/src/uiabot/install/uiabot/share/uiabot/package.ps1'
[0.180s] INFO:colcon.colcon_core.shell:Creating package descriptor '/home/devtex/uiabot_ws/src/uiabot/install/uiabot/share/uiabot/package.dsv'
[0.180s] INFO:colcon.colcon_core.shell:Creating package script '/home/devtex/uiabot_ws/src/uiabot/install/uiabot/share/uiabot/package.sh'
[0.181s] INFO:colcon.colcon_core.shell:Creating package script '/home/devtex/uiabot_ws/src/uiabot/install/uiabot/share/uiabot/package.bash'
[0.181s] INFO:colcon.colcon_core.shell:Creating package script '/home/devtex/uiabot_ws/src/uiabot/install/uiabot/share/uiabot/package.zsh'
[0.181s] Level 1:colcon.colcon_core.environment:create_file_with_runtime_dependencies(/home/devtex/uiabot_ws/src/uiabot/install/uiabot/share/colcon-core/packages/uiabot)
[0.181s] DEBUG:colcon.colcon_parallel_executor.executor.parallel:closing loop
[0.181s] DEBUG:colcon.colcon_parallel_executor.executor.parallel:loop closed
[0.181s] DEBUG:colcon.colcon_parallel_executor.executor.parallel:run_until_complete finished with '0'
[0.181s] DEBUG:colcon.colcon_core.event_reactor:joining thread
[0.183s] INFO:colcon.colcon_core.plugin_system:Skipping extension 'colcon_notification.desktop_notification.terminal_notifier': Not used on non-Darwin systems
[0.183s] INFO:colcon.colcon_core.plugin_system:Skipping extension 'colcon_notification.desktop_notification.win32': Not used on non-Windows systems
[0.183s] INFO:colcon.colcon_notification.desktop_notification:Sending desktop notification using 'notify2'
[0.190s] DEBUG:colcon.colcon_core.event_reactor:joined thread
[0.190s] INFO:colcon.colcon_core.shell:Creating prefix script '/home/devtex/uiabot_ws/src/uiabot/install/local_setup.ps1'
[0.190s] INFO:colcon.colcon_core.shell:Creating prefix util module '/home/devtex/uiabot_ws/src/uiabot/install/_local_setup_util_ps1.py'
[0.191s] INFO:colcon.colcon_core.shell:Creating prefix chain script '/home/devtex/uiabot_ws/src/uiabot/install/setup.ps1'
[0.192s] INFO:colcon.colcon_core.shell:Creating prefix script '/home/devtex/uiabot_ws/src/uiabot/install/local_setup.sh'
[0.192s] INFO:colcon.colcon_core.shell:Creating prefix util module '/home/devtex/uiabot_ws/src/uiabot/install/_local_setup_util_sh.py'
[0.192s] INFO:colcon.colcon_core.shell:Creating prefix chain script '/home/devtex/uiabot_ws/src/uiabot/install/setup.sh'
[0.193s] INFO:colcon.colcon_core.shell:Creating prefix script '/home/devtex/uiabot_ws/src/uiabot/install/local_setup.bash'
[0.193s] INFO:colcon.colcon_core.shell:Creating prefix chain script '/home/devtex/uiabot_ws/src/uiabot/install/setup.bash'
[0.194s] INFO:colcon.colcon_core.shell:Creating prefix script '/home/devtex/uiabot_ws/src/uiabot/install/local_setup.zsh'
[0.194s] INFO:colcon.colcon_core.shell:Creating prefix chain script '/home/devtex/uiabot_ws/src/uiabot/install/setup.zsh'
